[17:04:05] [main/INFO]: Setting user: Player564
[17:04:08] [Client thread/INFO]: LWJGL Version: 2.9.1
[17:04:10] [Client thread/ERROR]: Couldn't initialize twitch stream
[17:04:36] [Client thread/INFO]: Reloading ResourceManager: Default, FMLFileResourcePack:Forge Mod Loader, FMLFileResourcePack:Minecraft Forge, FMLFileResourcePack:Popcorn Mod
[17:04:38] [Sound Library Loader/INFO]: Sound engine started
[17:04:48] [Client thread/INFO]: Created: 16x16 textures/blocks-atlas
[17:04:48] [Client thread/INFO]: Created: 16x16 textures/items-atlas
[17:04:49] [Client thread/INFO]: Reloading ResourceManager: Default, FMLFileResourcePack:Forge Mod Loader, FMLFileResourcePack:Minecraft Forge, FMLFileResourcePack:Popcorn Mod
[17:04:50] [Client thread/INFO]: Created: 512x256 textures/blocks-atlas
[17:04:51] [Client thread/INFO]: Created: 512x256 textures/items-atlas
[17:04:52] [Sound Library Loader/INFO]: Sound engine started
[17:05:22] [Server thread/INFO]: Starting integrated minecraft server version 1.7.10
[17:05:22] [Server thread/INFO]: Generating keypair
[17:05:24] [Server thread/INFO]: Preparing start region for level 0
[17:05:25] [Server thread/INFO]: Preparing spawn area: 44%
[17:05:26] [Server thread/INFO]: Changing view distance to 4, from 10
[17:05:27] [Server thread/INFO]: Player564[local:E:6073f383] logged in with entity id 162 at (-476.5346974973401, 4.0, -937.3322122484439)
[17:05:27] [Server thread/INFO]: Player564 joined the game
[17:05:49] [Server thread/INFO]: Player564 has just earned the achievement [Taking Inventory]
[17:05:49] [Client thread/INFO]: [CHAT] Player564 has just earned the achievement [Taking Inventory]
[17:05:56] [Server thread/INFO]: Saving and pausing game...
[17:05:57] [Server thread/INFO]: Saving chunks for level 'corny world'/Overworld
[17:05:57] [Server thread/INFO]: Saving chunks for level 'corny world'/Nether
[17:05:57] [Server thread/INFO]: Saving chunks for level 'corny world'/The End
[17:05:57] [Server thread/INFO]: Stopping server
[17:05:57] [Server thread/INFO]: Saving players
[17:05:57] [Server thread/INFO]: Saving worlds
[17:05:57] [Server thread/INFO]: Saving chunks for level 'corny world'/Overworld
[17:05:57] [Server thread/INFO]: Saving chunks for level 'corny world'/Nether
[17:05:57] [Server thread/INFO]: Saving chunks for level 'corny world'/The End
[17:06:00] [Client thread/INFO]: Stopping!
